e:\MYOA\mysql\bin\mysqld-nt.exe: ready for connections.
Version: '4.0.26-nt-max-log'  socket: ''  port: 3306  Official MySQL binary
e:\MYOA\mysql\bin\mysqld-nt.exe: ready for connections.
Version: '4.0.26-nt-max-log'  socket: ''  port: 3306  Official MySQL binary
e:\MYOA\mysql\bin\mysqld-nt.exe: ready for connections.
Version: '4.0.26-nt-max-log'  socket: ''  port: 3306  Official MySQL binary
e:\MYOA\mysql\bin\mysqld-nt.exe: ready for connections.
Version: '4.0.26-nt-max-log'  socket: ''  port: 3306  Official MySQL binary
e:\MYOA\mysql\bin\mysqld-nt.exe: ready for connections.
Version: '4.0.26-nt-max-log'  socket: ''  port: 3306  Official MySQL binary
140129 16:35:46 e:\MYOA\mysql\bin\mysqld-nt.exe: Normal shutdown

140129 16:35:47 e:\MYOA\mysql\bin\mysqld-nt.exe: Shutdown Complete

e:\MYOA\mysql\bin\mysqld-nt.exe: ready for connections.
Version: '4.0.26-nt-max-log'  socket: ''  port: 3306  Official MySQL binary
e:\MYOA\mysql\bin\mysqld-nt.exe: ready for connections.
Version: '4.0.26-nt-max-log'  socket: ''  port: 3306  Official MySQL binary
140203 23:34:53 e:\MYOA\mysql\bin\mysqld-nt.exe: Normal shutdown

140203 23:34:54 e:\MYOA\mysql\bin\mysqld-nt.exe: Shutdown Complete

e:\MYOA\mysql\bin\mysqld-nt.exe: ready for connections.
Version: '4.0.26-nt-max-log'  socket: ''  port: 3306  Official MySQL binary
e:\MYOA\mysql\bin\mysqld-nt.exe: ready for connections.
Version: '4.0.26-nt-max-log'  socket: ''  port: 3306  Official MySQL binary
e:\MYOA\mysql\bin\mysqld-nt.exe: ready for connections.
Version: '4.0.26-nt-max-log'  socket: ''  port: 3306  Official MySQL binary
140207  9:36:32 e:\MYOA\mysql\bin\mysqld-nt.exe: Normal shutdown

140207  9:36:33 e:\MYOA\mysql\bin\mysqld-nt.exe: Forcing close of thread 1  user: 'root'

140207  9:36:34 e:\MYOA\mysql\bin\mysqld-nt.exe: Shutdown Complete

e:\MYOA\mysql\bin\mysqld-nt.exe: ready for connections.
Version: '4.0.26-nt-max-log'  socket: ''  port: 3306  Official MySQL binary
